This is XeTeX, Version 3.1415926-2.5-0.9999.3 (TeX Live 2013/Debian) (format=xelatex 2017.2.27)  27 FEB 2017 18:45
entering extended mode
 restricted \write18 enabled.
 %&-line parsing enabled.
**bare_conf.tex
(./bare_conf.tex
LaTeX2e <2011/06/27>
Babel <3.9h> and hyphenation patterns for 2 languages loaded.
(./IEEEtran.cls
Document Class: IEEEtran 2015/08/26 V1.8b by Michael Shell
-- See the "IEEEtran_HOWTO" manual for usage information.
-- http://www.michaelshell.org/tex/ieeetran/
\@IEEEtrantmpdimenA=\dimen102
\@IEEEtrantmpdimenB=\dimen103
\@IEEEtrantmpdimenC=\dimen104
\@IEEEtrantmpcountA=\count80
\@IEEEtrantmpcountB=\count81
\@IEEEtrantmpcountC=\count82
\@IEEEtrantmptoksA=\toks14
LaTeX Font Info:    Try loading font information for OT1+ptm on input line 503.

(/usr/share/texlive/texmf-dist/tex/latex/psnfss/ot1ptm.fd
File: ot1ptm.fd 2001/06/04 font definitions for OT1/ptm.
)
! Font OT1/ptm/m/n/10=ptmr7t at 10.0pt not loadable: Metric (TFM) file or insta
lled font not found.
<to be read again> 
                   relax 
l.503 \normalfont
                 \selectfont
? 
-- Using 8.5in x 11in (letter) paper.
-- Using DVI output.
\@IEEEnormalsizeunitybaselineskip=\dimen105
-- This is a 10 point document.
! Font OT1/ptm/m/n/9=ptmr7t at 9.0pt not loadable: Metric (TFM) file or install
ed font not found.
<to be read again> 
                   relax 
l.963 \small
            \normalsize % make \baselinestretch take affect
? 
\CLASSINFOnormalsizebaselineskip=\dimen106
\CLASSINFOnormalsizeunitybaselineskip=\dimen107
\IEEEnormaljot=\dimen108
! Font OT1/ptm/m/n/5=ptmr7t at 5.0pt not loadable: Metric (TFM) file or install
ed font not found.
<to be read again> 
                   relax 
l.1090 \@IEEEtunefonts
                      
? 
LaTeX Font Info:    Font shape `OT1/ptm/bx/n' in size <5> not available
(Font)              Font shape `OT1/ptm/b/n' tried instead on input line 1090.
! Font OT1/ptm/bx/n/5=ptmb7t at 5.0pt not loadable: Metric (TFM) file or instal
led font not found.
<to be read again> 
                   relax 
l.1090 \@IEEEtunefonts
                      
? 
! Font \OT1/ptm/b/n/5=nullfont not loadable: Metric (TFM) file or installed fon
t not found.
<to be read again> 
                   \relax 
l.1090 \@IEEEtunefonts
                      
? 
! Font OT1/ptm/m/it/5=ptmri7t at 5.0pt not loadable: Metric (TFM) file or insta
lled font not found.
<to be read again> 
                   relax 
l.1090 \@IEEEtunefonts
                      
? 
LaTeX Font Info:    Font shape `OT1/ptm/bx/it' in size <5> not available
(Font)              Font shape `OT1/ptm/b/it' tried instead on input line 1090.

! Font OT1/ptm/bx/it/5=ptmbi7t at 5.0pt not loadable: Metric (TFM) file or inst
alled font not found.
<to be read again> 
                   relax 
l.1090 \@IEEEtunefonts
                      
? 
! Font \OT1/ptm/b/it/5=nullfont not loadable: Metric (TFM) file or installed fo
nt not found.
<to be read again> 
                   \relax 
l.1090 \@IEEEtunefonts
                      
? 
! Emergency stop.
<to be read again> 
                   \relax 
l.1090 \@IEEEtunefonts
                      
End of file on the terminal!

 
Here is how much of TeX's memory you used:
 232 strings out of 495658
 4132 string characters out of 6187951
 47423 words of memory out of 5000000
 3515 multiletter control sequences out of 15000+600000
 3640 words of font info for 14 fonts, out of 8000000 for 9000
 14 hyphenation exceptions out of 8191
 26i,0n,19p,177b,91s stack positions out of 5000i,500n,10000p,200000b,80000s
No pages of output.
